<?xml version="1.0" encoding="UTF-8"?>
<!-- Generated by org.testng.reporters.JUnitReportReporter -->
<testsuite skipped="0" hostname="Stephen-PC" name="com.revature.pom.TestClass" tests="3" failures="0" timestamp="30 Jan 2018 19:48:53 GMT" time="17.766" errors="0">
  <testcase name="openApplication" time="11.973" classname="com.revature.pom.TestClass"/>
  <testcase name="testLoginMethod" time="5.789" classname="com.revature.pom.TestClass"/>
  <testcase name="testLocationsMethod" time="0.004" classname="com.revature.pom.TestClass"/>
</testsuite> <!-- com.revature.pom.TestClass -->
