<?xml version="1.0" encoding="UTF-8"?>
<!-- Generated by org.testng.reporters.JUnitReportReporter -->
<testsuite skipped="7" hostname="Stephen-PC" name="com.revature.runners.CurriculaTestRunner" tests="10" failures="0" timestamp="31 Jan 2018 19:23:00 GMT" time="19.073" errors="0">
  <testcase name="openApplication" time="9.621" classname="com.revature.runners.CurriculaTestRunner"/>
  <testcase name="testLoginMethod" time="6.261" classname="com.revature.runners.CurriculaTestRunner"/>
  <testcase name="closeApplication" time="3.191" classname="com.revature.runners.CurriculaTestRunner"/>
  <testcase name="removeFocus" classname="com.revature.runners.CurriculaTestRunner">
    <skipped/>
  </testcase> <!-- removeFocus -->
  <testcase name="editFocus" classname="com.revature.runners.CurriculaTestRunner">
    <skipped/>
  </testcase> <!-- editFocus -->
  <testcase name="editCurriculum" classname="com.revature.runners.CurriculaTestRunner">
    <skipped/>
  </testcase> <!-- editCurriculum -->
  <testcase name="addCurriculum" classname="com.revature.runners.CurriculaTestRunner">
    <skipped/>
  </testcase> <!-- addCurriculum -->
  <testcase name="addFocus" classname="com.revature.runners.CurriculaTestRunner">
    <skipped/>
  </testcase> <!-- addFocus -->
  <testcase name="removCore" classname="com.revature.runners.CurriculaTestRunner">
    <skipped/>
  </testcase> <!-- removCore -->
  <testcase name="createSkill" classname="com.revature.runners.CurriculaTestRunner">
    <skipped/>
  </testcase> <!-- createSkill -->
</testsuite> <!-- com.revature.runners.CurriculaTestRunner -->
