<?xml version="1.0" encoding="UTF-8"?>
<!-- Generated by org.testng.reporters.JUnitReportReporter -->
<testsuite skipped="1" hostname="Stephen-PC" name="com.revature.runners.OverviewTestRunner" tests="7" failures="0" timestamp="02 Feb 2018 03:24:22 GMT" time="54.600" errors="0">
  <testcase name="openApplication" time="16.121" classname="com.revature.runners.OverviewTestRunner"/>
  <testcase name="testLoginMethod" time="6.617" classname="com.revature.runners.OverviewTestRunner"/>
  <testcase name="filterInProgress" time="13.039" classname="com.revature.runners.OverviewTestRunner"/>
  <testcase name="filterBegInTwoWeeks" time="8.930" classname="com.revature.runners.OverviewTestRunner"/>
  <testcase name="filterAll" time="9.364" classname="com.revature.runners.OverviewTestRunner"/>
  <testcase name="closeApplication" time="0.529" classname="com.revature.runners.OverviewTestRunner"/>
  <testcase name="exportCSV" classname="com.revature.runners.OverviewTestRunner">
    <skipped/>
  </testcase> <!-- exportCSV -->
</testsuite> <!-- com.revature.runners.OverviewTestRunner -->
