<?xml version="1.0" encoding="UTF-8"?>
<!-- Generated by org.testng.reporters.JUnitReportReporter -->
<testsuite skipped="3" hostname="Stephen-PC" name="com.revature.runners.ProfileTestRunner" tests="7" failures="0" timestamp="01 Feb 2018 01:07:08 GMT" time="23.478" errors="0">
  <testcase name="openApplication" time="9.982" classname="com.revature.runners.ProfileTestRunner"/>
  <testcase name="testLoginMethod" time="2.727" classname="com.revature.runners.ProfileTestRunner"/>
  <testcase name="saveSkills" time="10.196" classname="com.revature.runners.ProfileTestRunner"/>
  <testcase name="closeApplication" time="0.573" classname="com.revature.runners.ProfileTestRunner"/>
  <testcase name="addCertification" classname="com.revature.runners.ProfileTestRunner">
    <skipped/>
  </testcase> <!-- addCertification -->
  <testcase name="selectSkill" classname="com.revature.runners.ProfileTestRunner">
    <skipped/>
  </testcase> <!-- selectSkill -->
  <testcase name="removeSkill" classname="com.revature.runners.ProfileTestRunner">
    <skipped/>
  </testcase> <!-- removeSkill -->
</testsuite> <!-- com.revature.runners.ProfileTestRunner -->
