<?xml version="1.0" encoding="UTF-8"?>
<!-- Generated by org.testng.reporters.JUnitReportReporter -->
<testsuite skipped="5" hostname="Stephen-PC" name="com.revature.runners.LocationTestRunner" tests="9" failures="0" timestamp="01 Feb 2018 20:35:22 GMT" time="17.636" errors="0">
  <testcase name="openApplication" time="7.894" classname="com.revature.runners.LocationTestRunner"/>
  <testcase name="testLoginMethod" time="2.624" classname="com.revature.runners.LocationTestRunner"/>
  <testcase name="editLocation" time="6.723" classname="com.revature.runners.LocationTestRunner"/>
  <testcase name="closeApplication" time="0.395" classname="com.revature.runners.LocationTestRunner"/>
  <testcase name="addBuilding" classname="com.revature.runners.LocationTestRunner">
    <skipped/>
  </testcase> <!-- addBuilding -->
  <testcase name="editBuilding" classname="com.revature.runners.LocationTestRunner">
    <skipped/>
  </testcase> <!-- editBuilding -->
  <testcase name="addLocation" classname="com.revature.runners.LocationTestRunner">
    <skipped/>
  </testcase> <!-- addLocation -->
  <testcase name="addRoom" classname="com.revature.runners.LocationTestRunner">
    <skipped/>
  </testcase> <!-- addRoom -->
  <testcase name="editRoom" classname="com.revature.runners.LocationTestRunner">
    <skipped/>
  </testcase> <!-- editRoom -->
</testsuite> <!-- com.revature.runners.LocationTestRunner -->
