<?xml version="1.0" encoding="UTF-8"?>
<!-- Generated by org.testng.reporters.JUnitReportReporter -->
<testsuite skipped="3" hostname="Stephen-PC" name="com.revature.runners.OverviewTestRunner" tests="7" failures="0" timestamp="31 Jan 2018 15:38:43 GMT" time="29.109" errors="0">
  <testcase name="openApplication" time="9.408" classname="com.revature.runners.OverviewTestRunner"/>
  <testcase name="testLoginMethod" time="3.311" classname="com.revature.runners.OverviewTestRunner"/>
  <testcase name="exportCSV" time="15.920" classname="com.revature.runners.OverviewTestRunner"/>
  <testcase name="closeApplication" time="0.470" classname="com.revature.runners.OverviewTestRunner"/>
  <testcase name="filterBegInTwoWeeks" classname="com.revature.runners.OverviewTestRunner">
    <skipped/>
  </testcase> <!-- filterBegInTwoWeeks -->
  <testcase name="filterInProgress" classname="com.revature.runners.OverviewTestRunner">
    <skipped/>
  </testcase> <!-- filterInProgress -->
  <testcase name="filterAll" classname="com.revature.runners.OverviewTestRunner">
    <skipped/>
  </testcase> <!-- filterAll -->
</testsuite> <!-- com.revature.runners.OverviewTestRunner -->
