<?xml version="1.0" encoding="UTF-8"?>
<!-- Generated by org.testng.reporters.JUnitReportReporter -->
<testsuite skipped="1" hostname="Stephen-PC" name="com.revature.runners.OverviewTestRunner" tests="7" failures="0" timestamp="01 Feb 2018 23:03:13 GMT" time="40.025" errors="0">
  <testcase name="openApplication" time="8.147" classname="com.revature.runners.OverviewTestRunner"/>
  <testcase name="testLoginMethod" time="2.471" classname="com.revature.runners.OverviewTestRunner"/>
  <testcase name="filterInProgress" time="10.713" classname="com.revature.runners.OverviewTestRunner"/>
  <testcase name="filterBegInTwoWeeks" time="8.968" classname="com.revature.runners.OverviewTestRunner"/>
  <testcase name="filterAll" time="9.284" classname="com.revature.runners.OverviewTestRunner"/>
  <testcase name="closeApplication" time="0.442" classname="com.revature.runners.OverviewTestRunner"/>
  <testcase name="exportCSV" classname="com.revature.runners.OverviewTestRunner">
    <skipped/>
  </testcase> <!-- exportCSV -->
</testsuite> <!-- com.revature.runners.OverviewTestRunner -->
